C51 COMPILER V9.54   MAIN                                                                  06/09/2022 22:08:22 PAGE 1   


C51 COMPILER V9.54, COMPILATION OF MODULE MAIN
OBJECT MODULE PLACED IN .\Objects\main.obj
COMPILER INVOKED BY: C:\Keil_v5_51\C51\BIN\C51.EXE main.c OPTIMIZE(8,SPEED) BROWSE INCDIR(.\LCD;.\MATRIX;.\DELAY;.\USART
                    -;.\DS1302) DEBUG OBJECTEXTEND PRINT(.\Listings\main.lst) TABS(3) OBJECT(.\Objects\main.obj)

line level    source

   1          #include <REGX52.H>
   2          #include "LCD1602.h"
   3          #include <REGX52.H>
   4          #include "MATRIX.h"
   5          #include "DELAY.h"
   6          #include <REGX52.H>
   7          #include "DS1302.h"
   8          
   9          
  10          
  11          int main()
  12          {
  13   1         LCD_Init();
  14   1         DS1302_Init();
  15   1         LCD_ShowString(1,1,"  -  -  ");//静态字符初始化显示
  16   1         LCD_ShowString(2,1,"  :  :  ");
  17   1         DS1302_SetTime();//设置时间
  18   1         while(1)
  19   1         {
  20   2            DS1302_ReadTime();//读取时间
  21   2            LCD_ShowNum(1,1,DS1302_Time[0],2);//显示年
  22   2            LCD_ShowNum(1,4,DS1302_Time[1],2);//显示月
  23   2            LCD_ShowNum(1,7,DS1302_Time[2],2);//显示日
  24   2            LCD_ShowNum(2,1,DS1302_Time[3],2);//显示时
  25   2            LCD_ShowNum(2,4,DS1302_Time[4],2);//显示分
  26   2            LCD_ShowNum(2,7,DS1302_Time[5],2);//显示秒
  27   2      
  28   2         }
  29   1      }


MODULE INFORMATION:   STATIC OVERLAYABLE
   CODE SIZE        =    130    ----
   CONSTANT SIZE    =     18    ----
   XDATA SIZE       =   ----    ----
   PDATA SIZE       =   ----    ----
   DATA SIZE        =   ----    ----
   IDATA SIZE       =   ----    ----
   BIT SIZE         =   ----    ----
END OF MODULE INFORMATION.


C51 COMPILATION COMPLETE.  0 WARNING(S),  0 ERROR(S)
