C51 COMPILER V9.54   DELAY                                                                 06/25/2022 09:04:51 PAGE 1   


C51 COMPILER V9.54, COMPILATION OF MODULE DELAY
OBJECT MODULE PLACED IN .\Objects\DELAY.obj
COMPILER INVOKED BY: C:\Keil_v5_51\C51\BIN\C51.EXE DELAY\DELAY.c COMPACT OPTIMIZE(8,SPEED) BROWSE INCDIR(.\uart;.\esp826
                    -6;.\DELAY;.\LCD;.\mqtt;.\timer0;.\DS18B20;.\OneWire) DEBUG OBJECTEXTEND PRINT(.\Listings\DELAY.lst) TABS(3) OBJECT(.\Obj
                    -ects\DELAY.obj)

line level    source

   1          #include "DELAY.h"
   2          #include <INTRINS.H>
   3          void delay(unsigned char ms)     //@12.000MHz
   4          {
   5   1         unsigned char i, j;
   6   1         while(--ms)
   7   1         {
   8   2            _nop_();
   9   2            i = 2;
  10   2            j = 199;
  11   2            do
  12   2            {
  13   3               while (--j);
  14   3            } while (--i);
  15   2         }
  16   1      
  17   1         
  18   1      }
  19          
  20          void delay_ls()      //@12.000MHz
  21          {
  22   1         unsigned char i, j, k;
  23   1      
  24   1         _nop_();
  25   1         i = 8;
  26   1         j = 1;
  27   1         k = 243;
  28   1         do
  29   1         {
  30   2            do
  31   2            {
  32   3               while (--k);
  33   3            } while (--j);
  34   2         } while (--i);
  35   1      
  36   1         
  37   1      }
  38          
  39          void delay_ns(unsigned char s)
  40          {
  41   1         while(s--)
  42   1         {
  43   2            delay_ls();
  44   2         }
  45   1      }


MODULE INFORMATION:   STATIC OVERLAYABLE
   CODE SIZE        =     44    ----
   CONSTANT SIZE    =   ----    ----
   XDATA SIZE       =   ----    ----
   PDATA SIZE       =   ----    ----
   DATA SIZE        =   ----    ----
C51 COMPILER V9.54   DELAY                                                                 06/25/2022 09:04:51 PAGE 2   

   IDATA SIZE       =   ----    ----
   BIT SIZE         =   ----    ----
END OF MODULE INFORMATION.


C51 COMPILATION COMPLETE.  0 WARNING(S),  0 ERROR(S)
