C51 COMPILER V9.54   DS18B20                                                               06/27/2022 12:08:24 PAGE 1   


C51 COMPILER V9.54, COMPILATION OF MODULE DS18B20
OBJECT MODULE PLACED IN .\Objects\DS18B20.obj
COMPILER INVOKED BY: C:\Keil_v5_51\C51\BIN\C51.EXE DS18B20\DS18B20.c COMPACT OPTIMIZE(8,SPEED) BROWSE INCDIR(.\uart;.\es
                    -p8266;.\DELAY;.\LCD;.\mqtt;.\timer0;.\DS18B20;.\OneWire) DEBUG OBJECTEXTEND PRINT(.\Listings\DS18B20.lst) TABS(3) OBJECT
                    -(.\Objects\DS18B20.obj)

line level    source

   1          #include "DS18B20.H"
   2          #include "OneWire.H"
   3          #include "LCD1602.h"
   4          
   5          
   6          // 转化温度
   7          void DS18B20_ConvertT(void)
   8          {
   9   1         OneWire_Init();
  10   1         OneWire_SendByte(0xCC);
  11   1         OneWire_SendByte(0x44);
  12   1      }
  13          
  14          // 温度读取
  15          float DS18B20_ReadT(char *TLTM)
  16          {
  17   1         unsigned char TLSB, TMSB; 
  18   1         int Temp;
  19   1         float T;
  20   1         OneWire_Init();
  21   1         OneWire_SendByte(0xCC);
  22   1         OneWire_SendByte(0xBE);
  23   1         TLSB = OneWire_ReceiveByte();
  24   1         TMSB = OneWire_ReceiveByte();
  25   1         Temp = (TMSB << 8) | TLSB;
  26   1         T = Temp/16.0;
  27   1         TLTM[1] = TLSB;
  28   1         TLTM[0] = TMSB;
  29   1         return T;
  30   1      }


MODULE INFORMATION:   STATIC OVERLAYABLE
   CODE SIZE        =    118    ----
   CONSTANT SIZE    =   ----    ----
   XDATA SIZE       =   ----    ----
   PDATA SIZE       =   ----       9
   DATA SIZE        =   ----    ----
   IDATA SIZE       =   ----    ----
   BIT SIZE         =   ----    ----
END OF MODULE INFORMATION.


C51 COMPILATION COMPLETE.  0 WARNING(S),  0 ERROR(S)
