C51 COMPILER V9.54   MQTT                                                                  06/21/2022 22:32:11 PAGE 1   


C51 COMPILER V9.54, COMPILATION OF MODULE MQTT
OBJECT MODULE PLACED IN .\Objects\mqtt.obj
COMPILER INVOKED BY: C:\Keil_v5_51\C51\BIN\C51.EXE mqtt\mqtt.c LARGE OMF2 OPTIMIZE(8,SPEED) BROWSE INCDIR(.\uart;.\esp82
                    -66;.\DELAY;.\LCD;.\mqtt) DEBUG PRINT(.\Listings\mqtt.lst) TABS(3) OBJECT(.\Objects\mqtt.obj)

line level    source

   1          #include <string.h>
   2          #include  "mqtt.h"
   3          #include  "uart.h"
   4          
   5          
   6          // 登录
   7          void MQTT_Login(char *client_id, char *username, char *password){
   8   1         int i;
   9   1         //char po[] = {0x10,0x20,0x00,0x06,0x4D,0x51,0x49,0x73,0x64,0x70,0x03,0xC2,0x01,0x2C,0x00,0x04,0x74,0x65,
             -0x73,0x74,0x00,0x05,0x77,0x6F,0x67,0x75,0x61,0x00,0x05,0x77,0x6F,0x67,0x75,0x61};
  10   1         int index = 16;
  11   1         char fixed_header = 0x10; // 固定头
  12   1         char data_len = 0x12 + strlen(client_id) + strlen(username) + strlen(password);// 协议长度
  13   1         char protocol[] = {0x00,0x06,0x4D,0x51,0x49,0x73,0x64,0x70}; // 协议版本长度 两字节 + 协议名称 6字节
  14   1         char version = 0x03; // 版本号
  15   1         char connect_tag = 0xC2; // 连接标志
  16   1         char active_time[] = {0x00,0x3C}; // 活动时长 60s
  17   1         
  18   1         int len = strlen(client_id);
  19   1         char Data[50] = "";
  20   1         Data[0] = fixed_header;
  21   1         Data[1] = data_len;
  22   1         Data[2] = protocol[0];
  23   1         Data[3] = protocol[1];
  24   1         Data[4] = protocol[2];
  25   1         Data[5] = protocol[3];
  26   1         Data[6] = protocol[4];
  27   1         Data[7] = protocol[5];
  28   1         Data[8] = protocol[6];
  29   1         Data[9] = protocol[7];
  30   1         Data[10] = version;
  31   1         Data[11] = connect_tag;
  32   1         Data[12] = active_time[0];
  33   1         Data[13] = active_time[1];
  34   1         Data[14] = 0x00;
  35   1         Data[15] = (0x00 + strlen(client_id));
  36   1         while(*client_id != '\0')
  37   1         {
  38   2            Data[index] = *client_id;
  39   2            index ++;
  40   2            client_id ++;
  41   2         }
  42   1         
  43   1         Data[index++] = 0x00;
  44   1         Data[index++] = (0x00 + strlen(username));
  45   1         while(*username != '\0')
  46   1         {
  47   2            Data[index] = *username;
  48   2            index ++;
  49   2            username ++;
  50   2         }
  51   1         
  52   1         Data[index++] = 0x00;
  53   1         Data[index++] = (0x00 + strlen(password));
C51 COMPILER V9.54   MQTT                                                                  06/21/2022 22:32:11 PAGE 2   

  54   1         while(*password != '\0')
  55   1         {
  56   2            Data[index] = *password;
  57   2            index ++;
  58   2            password ++;
  59   2         }
  60   1         
  61   1         for(i = 0 ; i < index ; i ++){
  62   2         USART_SendByte(Data[i]);
  63   2         }
  64   1         
  65   1      }
  66             
  67          
  68          


MODULE INFORMATION:   STATIC OVERLAYABLE
   CODE SIZE        =    669    ----
   CONSTANT SIZE    =     60    ----
   XDATA SIZE       =   ----      79
   PDATA SIZE       =   ----    ----
   DATA SIZE        =   ----    ----
   IDATA SIZE       =   ----    ----
   BIT SIZE         =   ----    ----
   EDATA SIZE       =   ----    ----
   HDATA SIZE       =   ----    ----
   XDATA CONST SIZE =   ----    ----
   FAR CONST SIZE   =   ----    ----
END OF MODULE INFORMATION.


C51 COMPILATION COMPLETE.  0 WARNING(S),  0 ERROR(S)
