C51 COMPILER V9.54   ONEWIRE                                                               06/24/2022 15:27:36 PAGE 1   


C51 COMPILER V9.54, COMPILATION OF MODULE ONEWIRE
OBJECT MODULE PLACED IN .\Objects\OneWire.obj
COMPILER INVOKED BY: C:\Keil_v5_51\C51\BIN\C51.EXE OneWire\OneWire.c COMPACT OPTIMIZE(8,SPEED) BROWSE INCDIR(.\uart;.\es
                    -p8266;.\DELAY;.\LCD;.\mqtt;.\timer0;.\DS18B20;.\OneWire) DEBUG OBJECTEXTEND PRINT(.\Listings\OneWire.lst) TABS(3) OBJECT
                    -(.\Objects\OneWire.obj)

line level    source

   1          #include <REGX52.H>
   2          #include "OneWire.H"
   3          
   4          sbit OneWire_DQ = P3^7;
   5          
   6          
   7          // åˆå§‹åŒ–
   8          unsigned char OneWire_Init(void)
   9          {
  10   1         unsigned char i;
  11   1         unsigned char AckBit;
  12   1      
  13   1         // æ‹‰ä½æ€»çº¿
  14   1         OneWire_DQ = 1;
  15   1         OneWire_DQ = 0; 
  16   1         
  17   1         
  18   1         i = 247;while (--i); // å»¶è¿Ÿ 500us
  19   1         
  20   1         // é‡Šæ”¾æ€»çº¿
  21   1         OneWire_DQ = 1;
  22   1         
  23   1         i = 32;while (--i); // å»¶è¿Ÿ70us
  24   1         AckBit = OneWire_DQ;
  25   1         
  26   1         i = 85;while (--i); // å»¶è¿Ÿ170us
  27   1         return AckBit;
  28   1      }
  29          
  30          // å‘é€ä¸€ä½
  31          void OneWire_SendBit(unsigned char Bit)
  32          {
  33   1         unsigned char i;
  34   1         
  35   1         // 1.ä¸»æœºå°†æ€»çº¿æ‹‰ä½60~120us,ç„¶åé‡Šæ”¾æ€»çº¿ï¼Œè¡¨ç¤ºå‘é€0
  36   1         if(Bit == 0)
  37   1         {
  38   2            OneWire_DQ = 0;
  39   2            i = 60;
  40   2            while (--i);
  41   2            OneWire_DQ = 1;
  42   2         }else{
  43   2            // 2.ä¸»æœºå°†æ€»çº¿æ‹‰ä½1~15us,  ç„¶åé‡Šæ”¾æ€»çº¿ï¼Œè¡¨ç¤ºå‘é€1
  44   2            OneWire_DQ = 0;
  45   2            i = 4;
  46   2            while (--i);
  47   2            OneWire_DQ = 1;
  48   2            i = 24;
  49   2            while (--i);      //å»¶æ—¶50us 
  50   2         }  
  51   1      }
  52          
  53          
C51 COMPILER V9.54   ONEWIRE                                                               06/24/2022 15:27:36 PAGE 2   

  54          /*
  55             æ¥æ”¶ä¸€ä½ï¼š
  56                ä¸»æœºå°†æ€»çº¿æ‹‰ä½1~15usï¼Œç„¶åé‡Šæ”¾æ€»çº¿ï¼Œå¹¶åœ¨æ‹‰ä½å15uså†…è¯»å–æ€»çº¿ç”µå¹³ï¼ˆå°½é‡è´´è
             -¿‘15usçš„æœ«å°¾ï¼‰ï¼Œ
  57                è¯»å–ä¸ºä½ç”µå¹³åˆ™ä¸ºæ¥æ”¶0ï¼Œè¯»å–ä¸ºé«˜ç”µå¹³åˆ™ä¸ºæ¥æ”¶1 ï¼Œæ•´ä¸ªæ—¶é—´ç‰‡åº”å¤§äº60us
  58          
  59             */
  60          unsigned char OneWire_ReceiveBit(void)
  61          {
  62   1         unsigned char Data;
  63   1         unsigned char i;
  64   1         
  65   1         OneWire_DQ = 0;
  66   1         
  67   1         i = 2;while (--i);      //å»¶æ—¶5us
  68   1         OneWire_DQ = 1;
  69   1         
  70   1         i = 2;while (--i);      //å»¶æ—¶5us
  71   1         Data = OneWire_DQ;
  72   1         
  73   1         i = 24;while (--i);      //å»¶æ—¶50us
  74   1         
  75   1         return Data;
  76   1      }
  77          
  78          // å‘é€ä¸€å­—èŠ‚
  79          void OneWire_SendByte(unsigned char Byte)
  80          {
  81   1         unsigned char i;
  82   1         for(i = 0 ; i < 8 ; i++)
  83   1         {
  84   2            OneWire_SendBit((0x01 << i) & Byte);
  85   2         }
  86   1      }
  87          
  88          // æ¥æ”¶ä¸€å­—èŠ‚
  89          unsigned char OneWire_ReceiveByte()
  90          {
  91   1         unsigned char Data = 0x00,i;
  92   1         for(i = 0 ; i < 8 ; i++)
  93   1         {
  94   2            if(OneWire_ReceiveBit()) Data |= (0x01 << i);
  95   2         }
  96   1         return Data;
  97   1      }
  98          


MODULE INFORMATION:   STATIC OVERLAYABLE
   CODE SIZE        =    131    ----
   CONSTANT SIZE    =   ----    ----
   XDATA SIZE       =   ----    ----
   PDATA SIZE       =   ----    ----
   DATA SIZE        =   ----    ----
   IDATA SIZE       =   ----    ----
   BIT SIZE         =   ----    ----
END OF MODULE INFORMATION.


C51 COMPILATION COMPLETE.  0 WARNING(S),  0 ERROR(S)
