C51 COMPILER V9.54   TIMER_0                                                               06/27/2022 12:19:05 PAGE 1   


C51 COMPILER V9.54, COMPILATION OF MODULE TIMER_0
OBJECT MODULE PLACED IN .\Objects\timer_0.obj
COMPILER INVOKED BY: C:\Keil_v5_51\C51\BIN\C51.EXE timer0\timer_0.c COMPACT OPTIMIZE(8,SPEED) BROWSE INCDIR(.\uart;.\esp
                    -8266;.\DELAY;.\LCD;.\mqtt;.\timer0;.\DS18B20;.\OneWire) DEBUG OBJECTEXTEND PRINT(.\Listings\timer_0.lst) TABS(3) OBJECT(
                    -.\Objects\timer_0.obj)

line level    source

   1          #include <REGX52.H>
   2          #include <string.h>
   3          #include <stdio.h>
   4          #include "LCD1602.h"
   5          #include "timer_0.h"
   6          #include "uart.h"
   7          #include "mqtt.h"
   8          #include "delay.h"
   9          #include "DS18B20.h"
  10          
  11          
  12          
  13          char collect[3];
  14          
  15          // 初始化
  16          void Timer0_Init(){
  17   1         TMOD |= 0x01; 
  18   1         TH0 = 0xfc;
  19   1         TL0 = 0x66;
  20   1         EA = 1;
  21   1         ET0 = 1;
  22   1         TR0 = 0;
  23   1      }
  24          
  25          
  26          
  27          void timer0() interrupt 1
  28          {
  29   1         static int count = 0;
  30   1         TH0 = 0xfc;
  31   1         TL0 = 0x66;
  32   1         count++;
  33   1         
  34   1         if(count == 10000) // 10秒一次心跳
  35   1         {
  36   2            count = 0;
  37   2            P2_1 = !P2_1;
  38   2            MQTT_Heart();// 发送心跳
  39   2            DS18B20_ReadT(collect); // 发送温度数据
  40   2            collect[2] = '\0';
  41   2            MQTT_Pub("temp",collect);
  42   2         }  
  43   1      }


MODULE INFORMATION:   STATIC OVERLAYABLE
   CODE SIZE        =    143    ----
   CONSTANT SIZE    =      5    ----
   XDATA SIZE       =   ----    ----
   PDATA SIZE       =      5    ----
   DATA SIZE        =   ----    ----
   IDATA SIZE       =   ----    ----
   BIT SIZE         =   ----    ----
C51 COMPILER V9.54   TIMER_0                                                               06/27/2022 12:19:05 PAGE 2   

END OF MODULE INFORMATION.


C51 COMPILATION COMPLETE.  0 WARNING(S),  0 ERROR(S)
