C51 COMPILER V9.54   TIMER0                                                                06/22/2022 11:16:02 PAGE 1   


C51 COMPILER V9.54, COMPILATION OF MODULE TIMER0
OBJECT MODULE PLACED IN .\Objects\timer0.obj
COMPILER INVOKED BY: C:\Keil_v5_51\C51\BIN\C51.EXE timer0\timer0.c COMPACT OPTIMIZE(8,SPEED) BROWSE INCDIR(.\uart;.\esp8
                    -266;.\DELAY;.\LCD;.\mqtt;.\timer0) DEBUG OBJECTEXTEND PRINT(.\Listings\timer0.lst) TABS(3) OBJECT(.\Objects\timer0.obj)

line level    source

   1          #include <REGX52.H>
   2          #include "timer0.h"
   3          
   4          
   5          // 初始化
   6          void Timer_Init0(){
   7   1         TMOD &= 0xF0;     //设置定时器模式
   8   1         TMOD |= 0x01;     //设置定时器模式
   9   1         TL0 = 0x66;    //设置定时初值
  10   1         TH0 = 0xFC;    //设置定时初值
  11   1         //TF0 = 0;     //清除TF0标志
  12   1         TR0 = 1;    //定时器0开始计时
  13   1         ET0 = 1;
  14   1         EA = 1;
  15   1      }


MODULE INFORMATION:   STATIC OVERLAYABLE
   CODE SIZE        =     19    ----
   CONSTANT SIZE    =   ----    ----
   XDATA SIZE       =   ----    ----
   PDATA SIZE       =   ----    ----
   DATA SIZE        =   ----    ----
   IDATA SIZE       =   ----    ----
   BIT SIZE         =   ----    ----
END OF MODULE INFORMATION.


C51 COMPILATION COMPLETE.  0 WARNING(S),  0 ERROR(S)
