C51 COMPILER V9.54   UART                                                                  06/23/2022 18:03:38 PAGE 1   


C51 COMPILER V9.54, COMPILATION OF MODULE UART
OBJECT MODULE PLACED IN .\Objects\uart.obj
COMPILER INVOKED BY: C:\Keil_v5_51\C51\BIN\C51.EXE uart\uart.c COMPACT OPTIMIZE(8,SPEED) BROWSE INCDIR(.\uart;.\esp8266;
                    -.\DELAY;.\LCD;.\mqtt;.\timer0;.\DS18B20;.\OneWire) DEBUG OBJECTEXTEND PRINT(.\Listings\uart.lst) TABS(3) OBJECT(.\Object
                    -s\uart.obj)

line level    source

   1          #include <REGX52.H>
   2          #include <string.h>
   3          #include "uart.h"
   4          #include "delay.h"
   5          
   6          // 初始化
   7          void Uart_Init(void)
   8          {
   9   1         SCON = 0x50;
  10   1         PCON = 0x80;
  11   1         
  12   1         TR1 = 1;       //设置定时器 9600 波特率
  13   1         TMOD &= 0x0f;  //设置定时器模式
  14   1         TMOD |= 0x20;  //设置定时器模式
  15   1         TL1 = 0xFA;    //设置定时初始值
  16   1         TH1 = 0xFA;    //设置定时重载值
  17   1         
  18   1         EA = 1;
  19   1         ES = 1;
  20   1         PS = 1;
  21   1      }
  22          
  23          /*
  24          发送数据
  25          */
  26          void USART_SendByte(unsigned char byteData)
  27          {
  28   1         SBUF = byteData;
  29   1         while(TI == 0);
  30   1         TI = 0;
  31   1      }
  32          
  33          void USART_SendString(char *strData)
  34          {
  35   1         while(*strData != '\0')
  36   1         {
  37   2            USART_SendByte(*strData);
  38   2            strData++;
  39   2         }
  40   1         
  41   1      }
  42          
  43          
  44          


MODULE INFORMATION:   STATIC OVERLAYABLE
   CODE SIZE        =     54    ----
   CONSTANT SIZE    =   ----    ----
   XDATA SIZE       =   ----    ----
   PDATA SIZE       =   ----    ----
   DATA SIZE        =   ----    ----
   IDATA SIZE       =   ----    ----
C51 COMPILER V9.54   UART                                                                  06/23/2022 18:03:38 PAGE 2   

   BIT SIZE         =   ----    ----
END OF MODULE INFORMATION.


C51 COMPILATION COMPLETE.  0 WARNING(S),  0 ERROR(S)
