C51 COMPILER V9.54   DS1302                                                                06/12/2022 15:01:03 PAGE 1   


C51 COMPILER V9.54, COMPILATION OF MODULE DS1302
OBJECT MODULE PLACED IN .\Objects\DS1302.obj
COMPILER INVOKED BY: C:\Keil_v5_51\C51\BIN\C51.EXE DS1302\DS1302.c OPTIMIZE(8,SPEED) BROWSE INCDIR(.\LCD;.\MATRIX;.\DELA
                    -Y;.\USART;.\DS1302;.\I2C;.\AT24C02;.\TIMER0) DEBUG OBJECTEXTEND PRINT(.\Listings\DS1302.lst) TABS(3) OBJECT(.\Objects\DS
                    -1302.obj)

line level    source

   1          #include <REGX52.H>
   2          #include <DS1302.H>
   3          
   4          unsigned char DS1302_Time[]={19,11,16,12,59,55,6};
   5          // 初始化函数
   6          void DS1302_Init()
   7          {
   8   1         DS1302_CE = 0;
   9   1         DS1302_SCLK = 0;
  10   1      }
  11          
  12          // 设置值
  13          void DS1302_WriteByte(unsigned char Command, unsigned char Data)
  14          {
  15   1         int index;
  16   1         DS1302_CE = 1;
  17   1         // 写命令
  18   1         for(index = 0; index < 8; index++)
  19   1         {
  20   2            DS1302_IO = Command & (0x01 << index);
  21   2            DS1302_SCLK = 1;
  22   2            DS1302_SCLK = 0;
  23   2         }
  24   1         
  25   1         // 写数据
  26   1         for(index = 0; index < 8; index++)
  27   1         {
  28   2            DS1302_IO = Data & (0x01 << index);
  29   2            DS1302_SCLK = 1;
  30   2            DS1302_SCLK = 0;
  31   2         }
  32   1         
  33   1         DS1302_CE = 0;
  34   1      }
  35          
  36          // 读取值
  37          unsigned char DS1302_ReadByte(unsigned char Command)
  38          {
  39   1         int index;
  40   1         unsigned char Data = 0x00;
  41   1         
  42   1         Command |= 0x01; // //将指令转换为读指令
  43   1         
  44   1         DS1302_CE = 1;
  45   1         
  46   1         
  47   1         // 写命令
  48   1         for(index = 0; index < 8; index++)
  49   1         {
  50   2            DS1302_IO = Command & (0x01 << index);
  51   2            DS1302_SCLK = 0;
  52   2            DS1302_SCLK = 1;
  53   2         }
C51 COMPILER V9.54   DS1302                                                                06/12/2022 15:01:03 PAGE 2   

  54   1         
  55   1         // 读取数据
  56   1         for(index = 0; index < 8; index++)
  57   1         {
  58   2            DS1302_SCLK = 1;
  59   2            DS1302_SCLK = 0;
  60   2            if(DS1302_IO) Data |= (0x01 << index);
  61   2         }
  62   1         DS1302_CE = 0;
  63   1         DS1302_IO=0;   //读取后将IO设置为0，否则读出的数据会出错
  64   1         return Data;
  65   1      }
  66          
  67          // 设置时间
  68          void DS1302_SetTime()
  69          {
  70   1         // 关闭写保护
  71   1         DS1302_WriteByte(0x8E,0x00);
  72   1         DS1302_WriteByte(DS1302_WP,0x00);
  73   1         DS1302_WriteByte(DS1302_YEAR,DS1302_Time[0]/10*16+DS1302_Time[0]%10);//十进制转BCD码后写入
  74   1         DS1302_WriteByte(DS1302_MONTH,DS1302_Time[1]/10*16+DS1302_Time[1]%10);
  75   1         DS1302_WriteByte(DS1302_DATE,DS1302_Time[2]/10*16+DS1302_Time[2]%10);
  76   1         DS1302_WriteByte(DS1302_HOUR,DS1302_Time[3]/10*16+DS1302_Time[3]%10);
  77   1         DS1302_WriteByte(DS1302_MINUTE,DS1302_Time[4]/10*16+DS1302_Time[4]%10);
  78   1         DS1302_WriteByte(DS1302_SECOND,DS1302_Time[5]/10*16+DS1302_Time[5]%10);
  79   1         DS1302_WriteByte(DS1302_DAY,DS1302_Time[6]/10*16+DS1302_Time[6]%10);
  80   1         // 开启写保护
  81   1         DS1302_WriteByte(DS1302_WP,0x80);
  82   1      }
  83          
  84          // 读取时间
  85          void DS1302_ReadTime()
  86          {
  87   1         unsigned char Temp;
  88   1         Temp=DS1302_ReadByte(DS1302_YEAR);
  89   1         DS1302_Time[0]=Temp/16*10+Temp%16;//BCD码转十进制后读取
  90   1         Temp=DS1302_ReadByte(DS1302_MONTH);
  91   1         DS1302_Time[1]=Temp/16*10+Temp%16;
  92   1         Temp=DS1302_ReadByte(DS1302_DATE);
  93   1         DS1302_Time[2]=Temp/16*10+Temp%16;
  94   1         Temp=DS1302_ReadByte(DS1302_HOUR);
  95   1         DS1302_Time[3]=Temp/16*10+Temp%16;
  96   1         Temp=DS1302_ReadByte(DS1302_MINUTE);
  97   1         DS1302_Time[4]=Temp/16*10+Temp%16;
  98   1         Temp=DS1302_ReadByte(DS1302_SECOND);
  99   1         DS1302_Time[5]=Temp/16*10+Temp%16;
 100   1         Temp=DS1302_ReadByte(DS1302_DAY);
 101   1         DS1302_Time[6]=Temp/16*10+Temp%16;
 102   1      }


MODULE INFORMATION:   STATIC OVERLAYABLE
   CODE SIZE        =    534    ----
   CONSTANT SIZE    =   ----    ----
   XDATA SIZE       =   ----    ----
   PDATA SIZE       =   ----    ----
   DATA SIZE        =      7       2
   IDATA SIZE       =   ----    ----
   BIT SIZE         =   ----    ----
END OF MODULE INFORMATION.


C51 COMPILATION COMPLETE.  0 WARNING(S),  0 ERROR(S)
