C51 COMPILER V9.54   I2C                                                                   06/12/2022 15:01:03 PAGE 1   


C51 COMPILER V9.54, COMPILATION OF MODULE I2C
OBJECT MODULE PLACED IN .\Objects\I2C.obj
COMPILER INVOKED BY: C:\Keil_v5_51\C51\BIN\C51.EXE I2C\I2C.c OPTIMIZE(8,SPEED) BROWSE INCDIR(.\LCD;.\MATRIX;.\DELAY;.\US
                    -ART;.\DS1302;.\I2C;.\AT24C02;.\TIMER0) DEBUG OBJECTEXTEND PRINT(.\Listings\I2C.lst) TABS(3) OBJECT(.\Objects\I2C.obj)

line level    source

   1          #include "I2C.H"
   2          #include <REGX52.H>
   3          
   4          sbit I2C_SCL = P2^1;
   5          sbit I2C_SDA = P2^0;
   6          
   7          // 初始化
   8          void I2C_Start()
   9          {
  10   1         I2C_SDA = 1;
  11   1         I2C_SCL = 1;
  12   1         I2C_SDA = 0;
  13   1         I2C_SCL = 0;
  14   1      }
  15          
  16          // 停止
  17          void I2C_Stop()
  18          {
  19   1         I2C_SDA = 0;
  20   1         I2C_SCL = 1;
  21   1         I2C_SDA = 1;
  22   1      }
  23          
  24          // 发送字节
  25          void I2C_SendByte(unsigned char Byte)
  26          {
  27   1         unsigned char i;
  28   1         I2C_SCL = 0;
  29   1         for(i = 0 ; i < 8 ; i++)
  30   1         {
  31   2            
  32   2            I2C_SDA = Byte&(0x80 >> i);
  33   2            I2C_SCL = 1;
  34   2            I2C_SCL = 0;
  35   2         }
  36   1         
  37   1      }
  38          
  39          // 接收字节 
  40          unsigned char I2C_ReceiveByte()
  41          {
  42   1         unsigned char i;
  43   1         unsigned char Byte = 0x00;
  44   1         for(i = 0 ; i < 8 ; i++)
  45   1         {
  46   2            I2C_SCL = 1;
  47   2            if(I2C_SDA) Byte |= (0x80 >> i);
  48   2            I2C_SCL = 0;
  49   2            
  50   2         }
  51   1         return Byte;
  52   1      }
  53          
  54          // 发送ACK
C51 COMPILER V9.54   I2C                                                                   06/12/2022 15:01:03 PAGE 2   

  55          void I2C_SendAck(unsigned char AckBit)
  56          {
  57   1         I2C_SDA = AckBit;
  58   1         I2C_SCL = 1;
  59   1         I2C_SCL = 0;
  60   1      }
  61          
  62          // 接收ACK
  63          unsigned char I2C_ReceiveAck()
  64          {
  65   1         unsigned char AckBit;
  66   1         I2C_SCL = 1;
  67   1         AckBit = I2C_SDA;
  68   1         I2C_SCL = 0;
  69   1         return AckBit;
  70   1      }


MODULE INFORMATION:   STATIC OVERLAYABLE
   CODE SIZE        =    107    ----
   CONSTANT SIZE    =   ----    ----
   XDATA SIZE       =   ----    ----
   PDATA SIZE       =   ----    ----
   DATA SIZE        =   ----    ----
   IDATA SIZE       =   ----    ----
   BIT SIZE         =   ----    ----
END OF MODULE INFORMATION.


C51 COMPILATION COMPLETE.  0 WARNING(S),  0 ERROR(S)
