C51 COMPILER V9.54   USART                                                                 06/12/2022 15:01:03 PAGE 1   


C51 COMPILER V9.54, COMPILATION OF MODULE USART
OBJECT MODULE PLACED IN .\Objects\USART.obj
COMPILER INVOKED BY: C:\Keil_v5_51\C51\BIN\C51.EXE USART\USART.c OPTIMIZE(8,SPEED) BROWSE INCDIR(.\LCD;.\MATRIX;.\DELAY;
                    -.\USART;.\DS1302;.\I2C;.\AT24C02;.\TIMER0) DEBUG OBJECTEXTEND PRINT(.\Listings\USART.lst) TABS(3) OBJECT(.\Objects\USART
                    -.obj)

line level    source

   1          #include <REGX52.H>
   2          #include <USART.H>
   3          
   4          /*
   5          初始化
   6          */
   7          void USART_Init()
   8          {
   9   1         SCON = 0x50;
  10   1         PCON |= 0x80;
  11   1         
  12   1         TR1 = 1;
  13   1         TMOD &= 0x0f; //设置定时器模式
  14   1         TMOD |= 0x20; //设置定时器模式
  15   1         TL1 = 0xF4;    //设置定时初始值
  16   1         TH1 = 0xF4;    //设置定时重载值
  17   1         EA = 1;
  18   1         ES = 1;
  19   1         
  20   1      }
  21          
  22          /*
  23          发送数据
  24          */
  25          void USART_Send(unsigned char byteData)
  26          {
  27   1         SBUF = byteData;
  28   1         while(TI == 0);
  29   1         TI = 0;
  30   1      }


MODULE INFORMATION:   STATIC OVERLAYABLE
   CODE SIZE        =     33    ----
   CONSTANT SIZE    =   ----    ----
   XDATA SIZE       =   ----    ----
   PDATA SIZE       =   ----    ----
   DATA SIZE        =   ----    ----
   IDATA SIZE       =   ----    ----
   BIT SIZE         =   ----    ----
END OF MODULE INFORMATION.


C51 COMPILATION COMPLETE.  0 WARNING(S),  0 ERROR(S)
