C51 COMPILER V9.54   MAIN                                                                  06/11/2022 09:37:49 PAGE 1   


C51 COMPILER V9.54, COMPILATION OF MODULE MAIN
OBJECT MODULE PLACED IN .\Objects\main.obj
COMPILER INVOKED BY: C:\Keil_v5_51\C51\BIN\C51.EXE main.c OPTIMIZE(8,SPEED) BROWSE INCDIR(.\LCD;.\MATRIX;.\DELAY;.\USART
                    -;.\DS1302;.\I2C;.\AT24C02) DEBUG OBJECTEXTEND PRINT(.\Listings\main.lst) TABS(3) OBJECT(.\Objects\main.obj)

line level    source

   1          #include <REGX52.H>
   2          #include "LCD1602.h"
   3          #include "MATRIX.h"
   4          #include "DELAY.h"
   5          #include "DS1302.h"
   6          #include "AT24C02.H"
   7          
   8          unsigned char Data;
   9          
  10          int main()
  11          {
  12   1         LCD_Init();
  13   1         AT24C02_WriteByte(0,12);
  14   1         delay(50);
  15   1         Data = AT24C02_ReadByte(0);
  16   1         LCD_ShowNum(1,1,Data,3);
  17   1         while(1)
  18   1         {
  19   2         
  20   2      
  21   2         }
  22   1      }


MODULE INFORMATION:   STATIC OVERLAYABLE
   CODE SIZE        =     38    ----
   CONSTANT SIZE    =   ----    ----
   XDATA SIZE       =   ----    ----
   PDATA SIZE       =   ----    ----
   DATA SIZE        =      1    ----
   IDATA SIZE       =   ----    ----
   BIT SIZE         =   ----    ----
END OF MODULE INFORMATION.


C51 COMPILATION COMPLETE.  0 WARNING(S),  0 ERROR(S)
