C51 COMPILER V9.54   MAIN                                                                  06/01/2022 22:47:10 PAGE 1   


C51 COMPILER V9.54, COMPILATION OF MODULE MAIN
OBJECT MODULE PLACED IN .\Objects\main.obj
COMPILER INVOKED BY: C:\Keil_v5_51\C51\BIN\C51.EXE main.c OPTIMIZE(8,SPEED) BROWSE DEBUG OBJECTEXTEND PRINT(.\Listings\m
                    -ain.lst) TABS(2) OBJECT(.\Objects\main.obj)

line level    source

   1          #include <REGX52.H>
   2          #include <INTRINS.H>
   3          
   4          unsigned char LED_SELECT[] = {0x01,0x02,0x04,0x08,0x10,0x20,0x40,0x80};
   5          void Delay500ms()   //@12.000MHz
   6          {
   7   1        unsigned char i, j, k;
   8   1      
   9   1        _nop_();
  10   1        i = 4;
  11   1        j = 205;
  12   1        k = 187;
  13   1        do
  14   1        {
  15   2          do
  16   2          {
  17   3            while (--k);
  18   3          } while (--j);
  19   2        } while (--i);
  20   1      }
  21          void main()
  22          {
  23   1        int i;
  24   1        while(1)
  25   1        {
  26   2          for(i = 0 ; i < 8 ; i++)
  27   2          {
  28   3            P2 = ~LED_SELECT[i];
  29   3            Delay500ms();
  30   3          }
  31   2        }
  32   1      
  33   1      }


MODULE INFORMATION:   STATIC OVERLAYABLE
   CODE SIZE        =     41    ----
   CONSTANT SIZE    =   ----    ----
   XDATA SIZE       =   ----    ----
   PDATA SIZE       =   ----    ----
   DATA SIZE        =      8    ----
   IDATA SIZE       =   ----    ----
   BIT SIZE         =   ----    ----
END OF MODULE INFORMATION.


C51 COMPILATION COMPLETE.  0 WARNING(S),  0 ERROR(S)
