C51 COMPILER V9.54   DELAY                                                                 06/08/2022 21:51:33 PAGE 1   


C51 COMPILER V9.54, COMPILATION OF MODULE DELAY
OBJECT MODULE PLACED IN .\Objects\DELAY.obj
COMPILER INVOKED BY: C:\Keil_v5_51\C51\BIN\C51.EXE DELAY\DELAY.c OPTIMIZE(8,SPEED) BROWSE INCDIR(.\LCD;.\MATRIX;.\DELAY;
                    -.\USART) DEBUG OBJECTEXTEND PRINT(.\Listings\DELAY.lst) TABS(2) OBJECT(.\Objects\DELAY.obj)

line level    source

   1          #include "DELAY.h"
   2          
   3          void delay(unsigned char ms)    //@12.000MHz
   4          {
   5   1        unsigned char i, j;
   6   1        while(--ms)
   7   1        {
   8   2          i = 2;
   9   2          j = 239;
  10   2          do
  11   2          {
  12   3            while (--j);
  13   3          } while (--i);
  14   2        }
  15   1      
  16   1        
  17   1      }


MODULE INFORMATION:   STATIC OVERLAYABLE
   CODE SIZE        =     15    ----
   CONSTANT SIZE    =   ----    ----
   XDATA SIZE       =   ----    ----
   PDATA SIZE       =   ----    ----
   DATA SIZE        =   ----    ----
   IDATA SIZE       =   ----    ----
   BIT SIZE         =   ----    ----
END OF MODULE INFORMATION.


C51 COMPILATION COMPLETE.  0 WARNING(S),  0 ERROR(S)
