C51 COMPILER V9.54   MAIN                                                                  06/09/2022 08:20:58 PAGE 1   


C51 COMPILER V9.54, COMPILATION OF MODULE MAIN
OBJECT MODULE PLACED IN .\Objects\main.obj
COMPILER INVOKED BY: C:\Keil_v5_51\C51\BIN\C51.EXE main.c OPTIMIZE(8,SPEED) BROWSE INCDIR(.\LCD;.\MATRIX;.\DELAY;.\USART
                    -) DEBUG OBJECTEXTEND PRINT(.\Listings\main.lst) TABS(2) OBJECT(.\Objects\main.obj)

line level    source

   1          #include <REGX52.H>
   2          #include "LCD1602.h"
   3          #include <REGX52.H>
   4          #include "MATRIX.h"
   5          #include "DELAY.h"
   6          #include "USART.h"
   7          
   8          unsigned char receiveData;
   9          
  10          void usart() interrupt 4
  11          {
  12   1        if(RI == 1) // 接收中断
  13   1        {
  14   2          receiveData = SBUF;
  15   2          //LED显示
  16   2          P2=SBUF;
  17   2          //返还给串口
  18   2          USART_Send(SBUF);
  19   2          RI = 0;
  20   2        }
  21   1        
  22   1        
  23   1        
  24   1      }
  25          
  26          int main()
  27          {
  28   1        LCD_Init();
  29   1        USART_Init();
  30   1        P2 = 0xaa;
  31   1        LCD_ShowHexNum(1,1,0xaa,4);
  32   1        while(1)
  33   1        {
  34   2          //LCD显示
  35   2          
  36   2        }
  37   1      }


MODULE INFORMATION:   STATIC OVERLAYABLE
   CODE SIZE        =     97    ----
   CONSTANT SIZE    =   ----    ----
   XDATA SIZE       =   ----    ----
   PDATA SIZE       =   ----    ----
   DATA SIZE        =      1    ----
   IDATA SIZE       =   ----    ----
   BIT SIZE         =   ----    ----
END OF MODULE INFORMATION.


C51 COMPILATION COMPLETE.  0 WARNING(S),  0 ERROR(S)
