C51 COMPILER V9.54   I2C                                                                   06/13/2022 20:35:05 PAGE 1   


C51 COMPILER V9.54, COMPILATION OF MODULE I2C
OBJECT MODULE PLACED IN .\Objects\I2C.obj
COMPILER INVOKED BY: C:\Keil_v5_51\C51\BIN\C51.EXE I2C\I2C.c OPTIMIZE(8,SPEED) BROWSE INCDIR(.\LCD;.\MATRIX;.\DELAY;.\US
                    -ART;.\DS1302;.\I2C;.\AT24C02;.\TIMER0;.\XPT2046) DEBUG OBJECTEXTEND PRINT(.\Listings\I2C.lst) TABS(3) OBJECT(.\Objects\I
                    -2C.obj)

line level    source

   1          #include "I2C.H"
   2          
   3          #include <REGX52.H>
   4          
   5          sbit I2C_SCL = P2^1;
   6          sbit I2C_SDA = P2^0;
   7          
   8          // 初始化
   9          void I2C_Start()
  10          {
  11   1         I2C_SDA = 1;
  12   1         I2C_SCL = 1;
  13   1         I2C_SDA = 0;
  14   1         I2C_SCL = 0;
  15   1      }
  16          
  17          // 停止
  18          void I2C_Stop()
  19          {
  20   1         I2C_SDA = 0;
  21   1         I2C_SCL = 1;
  22   1         I2C_SDA = 1;
  23   1      }
  24          
  25          // 发送字节
  26          void I2C_SendByte(unsigned char Byte)
  27          {
  28   1         unsigned char i;
  29   1         I2C_SCL = 0;
  30   1         for(i = 0 ; i < 8 ; i++)
  31   1         {
  32   2            
  33   2            I2C_SDA = Byte&(0x80 >> i);
  34   2            I2C_SCL = 1;
  35   2            I2C_SCL = 0;
  36   2         }
  37   1         
  38   1      }
  39          
  40          // 接收字节 
  41          unsigned char I2C_ReceiveByte()
  42          {
  43   1         unsigned char i;
  44   1         unsigned char Byte = 0x00;
  45   1         for(i = 0 ; i < 8 ; i++)
  46   1         {
  47   2            I2C_SCL = 1;
  48   2            if(I2C_SDA) Byte |= (0x80 >> i);
  49   2            I2C_SCL = 0;
  50   2            
  51   2         }
  52   1         return Byte;
  53   1      }
C51 COMPILER V9.54   I2C                                                                   06/13/2022 20:35:05 PAGE 2   

  54          
  55          // 发送ACK
  56          void I2C_SendAck(unsigned char AckBit)
  57          {
  58   1         I2C_SDA = AckBit;
  59   1         I2C_SCL = 1;
  60   1         I2C_SCL = 0;
  61   1      }
  62          
  63          // 接收ACK
  64          unsigned char I2C_ReceiveAck()
  65          {
  66   1         unsigned char AckBit;
  67   1         I2C_SCL = 1;
  68   1         AckBit = I2C_SDA;
  69   1         I2C_SCL = 0;
  70   1         return AckBit;
  71   1      }


MODULE INFORMATION:   STATIC OVERLAYABLE
   CODE SIZE        =    107    ----
   CONSTANT SIZE    =   ----    ----
   XDATA SIZE       =   ----    ----
   PDATA SIZE       =   ----    ----
   DATA SIZE        =   ----    ----
   IDATA SIZE       =   ----    ----
   BIT SIZE         =   ----    ----
END OF MODULE INFORMATION.


C51 COMPILATION COMPLETE.  0 WARNING(S),  0 ERROR(S)
