C51 COMPILER V9.54   MAIN                                                                  06/13/2022 20:35:54 PAGE 1   


C51 COMPILER V9.54, COMPILATION OF MODULE MAIN
OBJECT MODULE PLACED IN .\Objects\main.obj
COMPILER INVOKED BY: C:\Keil_v5_51\C51\BIN\C51.EXE main.c OPTIMIZE(8,SPEED) BROWSE INCDIR(.\LCD;.\MATRIX;.\DELAY;.\USART
                    -;.\DS1302;.\I2C;.\AT24C02;.\TIMER0;.\XPT2046) DEBUG OBJECTEXTEND PRINT(.\Listings\main.lst) TABS(3) OBJECT(.\Objects\mai
                    -n.obj)

line level    source

   1          #include <REGX52.H>
   2          #include "LCD1602.h"
   3          #include "Delay.h"
   4          #include "XPT2046.h"
   5          
   6          unsigned int ADValue;
   7          
   8          int main()
   9          {
  10   1         
  11   1      
  12   1         LCD_Init();
  13   1         LCD_ShowString(1,1,"ADJ  NTC  GR");
  14   1         while(1)
  15   1         {
  16   2            ADValue=XPT2046_ReadAD(XPT2046_XP);    //读取AIN0，可调电阻
  17   2            LCD_ShowNum(2,1,ADValue,3);            //显示AIN0
  18   2            ADValue=XPT2046_ReadAD(XPT2046_YP);    //读取AIN1，热敏电阻
  19   2            LCD_ShowNum(2,6,ADValue,3);            //显示AIN1
  20   2            ADValue=XPT2046_ReadAD(XPT2046_VBAT);  //读取AIN2，光敏电阻
  21   2            LCD_ShowNum(2,11,ADValue,3);        //显示AIN2
  22   2            delay(100);
  23   2         }
  24   1      
  25   1      }


MODULE INFORMATION:   STATIC OVERLAYABLE
   CODE SIZE        =     92    ----
   CONSTANT SIZE    =     13    ----
   XDATA SIZE       =   ----    ----
   PDATA SIZE       =   ----    ----
   DATA SIZE        =      2    ----
   IDATA SIZE       =   ----    ----
   BIT SIZE         =   ----    ----
END OF MODULE INFORMATION.


C51 COMPILATION COMPLETE.  0 WARNING(S),  0 ERROR(S)
