C51 COMPILER V9.54   TIMER0                                                                06/13/2022 20:31:17 PAGE 1   


C51 COMPILER V9.54, COMPILATION OF MODULE TIMER0
OBJECT MODULE PLACED IN .\Objects\Timer0.obj
COMPILER INVOKED BY: C:\Keil_v5_51\C51\BIN\C51.EXE TIMER0\Timer0.c OPTIMIZE(8,SPEED) BROWSE INCDIR(.\LCD;.\MATRIX;.\DELA
                    -Y;.\USART;.\DS1302;.\I2C;.\AT24C02;.\TIMER0;.\XPT2046) DEBUG OBJECTEXTEND PRINT(.\Listings\Timer0.lst) TABS(3) OBJECT(.\
                    -Objects\Timer0.obj)

line level    source

   1          #include <REGX52.H>
   2          #include "Timer0.H"
   3          
   4          unsigned char CountNum = 0;
   5          
   6          unsigned char CompareNum = 0;
   7          
   8          // 初始化
   9          void Timer0_Init(void)
  10          {
  11   1         TMOD |= 0x01; 
  12   1         TL0 = 0x9C;    //设置定时初始值
  13   1         TH0 = 0xFF;    //设置定时初始值
  14   1         EA = 1;
  15   1         ET0 = 1;
  16   1         TR0 = 1;
  17   1      }
  18          
  19          // 定时函数
  20          void timer0() interrupt 1
  21          {
  22   1         
  23   1         CountNum ++;
  24   1         CountNum = CountNum%100;
  25   1         TL0 = 0x9C;    //设置定时初始值
  26   1         TH0 = 0xFF;    //设置定时初始值
  27   1         
  28   1         if(CountNum < CompareNum)
  29   1            {
  30   2               P2_0 = 0;
  31   2            }else {
  32   2               P2_0 = 1;
  33   2            }
  34   1         
  35   1      }
  36          
  37          // 设置比较值
  38          void SetCompareNum(unsigned char num)
  39          {
  40   1         CompareNum = num;
  41   1      }


MODULE INFORMATION:   STATIC OVERLAYABLE
   CODE SIZE        =     62    ----
   CONSTANT SIZE    =   ----    ----
   XDATA SIZE       =   ----    ----
   PDATA SIZE       =   ----    ----
   DATA SIZE        =      2    ----
   IDATA SIZE       =   ----    ----
   BIT SIZE         =   ----    ----
END OF MODULE INFORMATION.


C51 COMPILATION COMPLETE.  0 WARNING(S),  0 ERROR(S)
