C51 COMPILER V9.54   XPT2046                                                               06/13/2022 20:38:26 PAGE 1   


C51 COMPILER V9.54, COMPILATION OF MODULE XPT2046
OBJECT MODULE PLACED IN .\Objects\XPT2046.obj
COMPILER INVOKED BY: C:\Keil_v5_51\C51\BIN\C51.EXE XPT2046\XPT2046.c OPTIMIZE(8,SPEED) BROWSE INCDIR(.\LCD;.\MATRIX;.\DE
                    -LAY;.\USART;.\DS1302;.\I2C;.\AT24C02;.\TIMER0;.\XPT2046) DEBUG OBJECTEXTEND PRINT(.\Listings\XPT2046.lst) TABS(3) OBJECT
                    -(.\Objects\XPT2046.obj)

line level    source

   1          #include <REGX52.H>
   2          #include "XPT2046.H"
   3          
   4          sbit XPT2046_CS = P3^5;
   5          sbit XPT2046_DCLK = P3^6;
   6          sbit XPT2046_DIN = P3^4;
   7          sbit XPT2046_DOUT = P3^7;
   8          
   9          unsigned int XPT2046_ReadAD(unsigned char Command)
  10          {
  11   1         unsigned char i;
  12   1         unsigned int Data = 0;
  13   1         XPT2046_DCLK = 0;
  14   1         XPT2046_CS = 0;
  15   1         XPT2046_DOUT = 0;
  16   1         
  17   1         for(i = 0 ; i < 8 ; i++)
  18   1         {
  19   2            XPT2046_DIN = Command &( 0x80>> i);
  20   2            XPT2046_DCLK = 1;
  21   2            XPT2046_DCLK = 0;
  22   2         }
  23   1         
  24   1         for(i = 0 ; i < 16 ; i++)
  25   1         {
  26   2            XPT2046_DCLK = 1;
  27   2            XPT2046_DCLK = 0;
  28   2            if(XPT2046_DOUT) Data |= (0x8000 >> i);
  29   2         }
  30   1         
  31   1         XPT2046_CS = 1;
  32   1         
  33   1         Data = Data >> 8;
  34   1         
  35   1         return Data;
  36   1      }


MODULE INFORMATION:   STATIC OVERLAYABLE
   CODE SIZE        =     97    ----
   CONSTANT SIZE    =   ----    ----
   XDATA SIZE       =   ----    ----
   PDATA SIZE       =   ----    ----
   DATA SIZE        =   ----       2
   IDATA SIZE       =   ----    ----
   BIT SIZE         =   ----    ----
END OF MODULE INFORMATION.


C51 COMPILATION COMPLETE.  0 WARNING(S),  0 ERROR(S)
