C51 COMPILER V9.54   MAIN                                                                  06/07/2022 21:13:29 PAGE 1   


C51 COMPILER V9.54, COMPILATION OF MODULE MAIN
OBJECT MODULE PLACED IN .\Objects\main.obj
COMPILER INVOKED BY: C:\Keil_v5_51\C51\BIN\C51.EXE main.c OPTIMIZE(8,SPEED) BROWSE INCDIR(.\LCD;.\MATRIX;.\DELAY) DEBUG 
                    -OBJECTEXTEND PRINT(.\Listings\main.lst) TABS(2) OBJECT(.\Objects\main.obj)

line level    source

   1          #include <REGX52.H>
   2          #include "LCD1602.h"
   3          #include <REGX52.H>
   4          #include "MATRIX.h"
   5          #include "DELAY.h"
   6          
   7          /*
   8          
   9          内部中断定时器，每个一秒LCD加1
  10          */
  11          
  12          static int num = 0;
  13          
  14          void timer0_Init()
  15          {
  16   1        TMOD |= 0x01; 
  17   1        TH0 = 0xfc;
  18   1        TL0 = 0x18;
  19   1        EA = 1;
  20   1        ET0 = 1;
  21   1        TR0 = 1;
  22   1        
  23   1      }
  24          
  25          void timer0() interrupt 1
  26          {
  27   1        static int count = 0;
  28   1        TH0 = 0xfc;
  29   1        TL0 = 0x18;
  30   1        count++;
  31   1        if(count == 1000)
  32   1        {
  33   2          count = 0;
  34   2          P2_0 = !P2_0;
  35   2          num++;
  36   2        }
  37   1        
  38   1      }
  39          
  40          int main()
  41          {
  42   1        LCD_Init();
  43   1        timer0_Init();
  44   1        while(1)
  45   1        {
  46   2          LCD_ShowNum(1,1,num,2);
  47   2        }
  48   1      }


MODULE INFORMATION:   STATIC OVERLAYABLE
   CODE SIZE        =     85    ----
   CONSTANT SIZE    =   ----    ----
   XDATA SIZE       =   ----    ----
C51 COMPILER V9.54   MAIN                                                                  06/07/2022 21:13:29 PAGE 2   

   PDATA SIZE       =   ----    ----
   DATA SIZE        =      4    ----
   IDATA SIZE       =   ----    ----
   BIT SIZE         =   ----    ----
END OF MODULE INFORMATION.


C51 COMPILATION COMPLETE.  0 WARNING(S),  0 ERROR(S)
