C51 COMPILER V9.54   AT24C02                                                               06/11/2022 19:38:39 PAGE 1   


C51 COMPILER V9.54, COMPILATION OF MODULE AT24C02
OBJECT MODULE PLACED IN .\Objects\AT24C02.obj
COMPILER INVOKED BY: C:\Keil_v5_51\C51\BIN\C51.EXE AT24C02\AT24C02.c OPTIMIZE(8,SPEED) BROWSE INCDIR(.\LCD;.\MATRIX;.\DE
                    -LAY;.\USART;.\DS1302;.\I2C;.\AT24C02;.\OneWire;.\DS18B20) DEBUG OBJECTEXTEND PRINT(.\Listings\AT24C02.lst) TABS(3) OBJEC
                    -T(.\Objects\AT24C02.obj)

line level    source

   1          #include <REGX52.H>
   2          #include "AT24C02.H"
   3          #include "I2C.H"
   4          
   5          #define AT24C02_ADDRESS 0xA0
   6          
   7          // 写
   8          void AT24C02_WriteByte(unsigned char WordAddress, unsigned char Data)
   9          {
  10   1         // 启动
  11   1         I2C_Start();
  12   1         I2C_SendByte(AT24C02_ADDRESS);
  13   1         I2C_ReceiveAck();
  14   1         I2C_SendByte(WordAddress);
  15   1         I2C_ReceiveAck();
  16   1         I2C_SendByte(Data);
  17   1         I2C_ReceiveAck();
  18   1         I2C_Stop();
  19   1      }
  20          
  21          // 读
  22          unsigned char AT24C02_ReadByte(unsigned char WordAddress)
  23          {
  24   1         unsigned char Data;
  25   1         // 启动
  26   1         I2C_Start();
  27   1         I2C_SendByte(AT24C02_ADDRESS);
  28   1         I2C_ReceiveAck();
  29   1         I2C_SendByte(WordAddress);
  30   1         I2C_ReceiveAck();
  31   1         I2C_Start();
  32   1         I2C_SendByte(0xA1);
  33   1         I2C_ReceiveAck();
  34   1         Data = I2C_ReceiveByte();
  35   1         I2C_SendAck(1);
  36   1         I2C_Stop();
  37   1         return Data;
  38   1      }


MODULE INFORMATION:   STATIC OVERLAYABLE
   CODE SIZE        =     82    ----
   CONSTANT SIZE    =   ----    ----
   XDATA SIZE       =   ----    ----
   PDATA SIZE       =   ----    ----
   DATA SIZE        =   ----       4
   IDATA SIZE       =   ----    ----
   BIT SIZE         =   ----    ----
END OF MODULE INFORMATION.


C51 COMPILATION COMPLETE.  0 WARNING(S),  0 ERROR(S)
