C51 COMPILER V9.54   MAIN                                                                  06/11/2022 20:38:55 PAGE 1   


C51 COMPILER V9.54, COMPILATION OF MODULE MAIN
OBJECT MODULE PLACED IN .\Objects\main.obj
COMPILER INVOKED BY: C:\Keil_v5_51\C51\BIN\C51.EXE main.c OPTIMIZE(8,SPEED) BROWSE INCDIR(.\LCD;.\MATRIX;.\DELAY;.\USART
                    -;.\DS1302;.\I2C;.\AT24C02;.\OneWire;.\DS18B20) DEBUG OBJECTEXTEND PRINT(.\Listings\main.lst) TABS(3) OBJECT(.\Objects\ma
                    -in.obj)

line level    source

   1          #include <REGX52.H>
   2          #include "LCD1602.h"
   3          #include "MATRIX.h"
   4          #include "DELAY.h"
   5          #include "DS18B20.h"
   6          
   7          float T;
   8          
   9          int main()
  10          {
  11   1         LCD_Init();
  12   1         DS18B20_ConvertT();
  13   1         delay(750);
  14   1         T = DS18B20_ReadT();
  15   1         while(1)
  16   1         {
  17   2            DS18B20_ConvertT();
  18   2            T = DS18B20_ReadT();
  19   2            if(T < 0)
  20   2            {
  21   3               LCD_ShowChar(1,1,'-');
  22   3               T = -T;
  23   3            }else {
  24   3               LCD_ShowChar(1,1,'+');
  25   3            }
  26   2            LCD_ShowNum(1,2,T,3);
  27   2            LCD_ShowChar(1,5,'.');
  28   2            LCD_ShowNum(1,6,(unsigned long)(T * 10000)%10000,4);
  29   2            
  30   2         }
  31   1      }


MODULE INFORMATION:   STATIC OVERLAYABLE
   CODE SIZE        =    172    ----
   CONSTANT SIZE    =   ----    ----
   XDATA SIZE       =   ----    ----
   PDATA SIZE       =   ----    ----
   DATA SIZE        =      4    ----
   IDATA SIZE       =   ----    ----
   BIT SIZE         =   ----    ----
END OF MODULE INFORMATION.


C51 COMPILATION COMPLETE.  0 WARNING(S),  0 ERROR(S)
