C51 COMPILER V9.54   MAIN                                                                  06/01/2022 23:29:58 PAGE 1   


C51 COMPILER V9.54, COMPILATION OF MODULE MAIN
OBJECT MODULE PLACED IN .\Objects\main.obj
COMPILER INVOKED BY: C:\Keil_v5_51\C51\BIN\C51.EXE main.c OPTIMIZE(8,SPEED) BROWSE DEBUG OBJECTEXTEND PRINT(.\Listings\m
                    -ain.lst) TABS(2) OBJECT(.\Objects\main.obj)

line level    source

   1          #include <REGX52.H>
   2          #include <INTRINS.H>
   3          
   4          unsigned char NixieTable[] = {0x06,0x06,0x06,0x08,0x10,0x20,0x40,0x80};
   5          void Nixie(int location,int num)
   6          {
   7   1        switch(location)
   8   1        {
   9   2          case 1:
  10   2            P2_2 = 0,P2_3 = 0,P2_4 = 0;
  11   2            break;
  12   2          case 2:
  13   2            P2_2 = 1,P2_3 = 0,P2_4 = 0;
  14   2            break;
  15   2          case 3:
  16   2            P2_2 = 0,P2_3 = 1,P2_4 = 0;
  17   2            break;
  18   2          case 4:
  19   2            P2_2 = 1,P2_3 = 1,P2_4 = 0;
  20   2            break;
  21   2          case 5:
  22   2            P2_2 = 0,P2_3 = 0,P2_4 = 1;
  23   2            break;
  24   2          case 6:
  25   2            P2_2 = 1,P2_3 = 0,P2_4 = 1;
  26   2            break;
  27   2          case 7:
  28   2            P2_2 = 0,P2_3 = 1,P2_4 = 1;
  29   2            break;
  30   2          case 8:
  31   2            P2_2 = 1,P2_3 = 1,P2_4 = 1;
  32   2            break;
  33   2        }
  34   1        P0 = NixieTable[num];
  35   1      
  36   1      }
  37          
  38          void Delay500ms()   
  39          {
  40   1        unsigned char i, j, k;
  41   1      
  42   1        _nop_();
  43   1        i = 4;
  44   1        j = 205;
  45   1        k = 187;
  46   1        do
  47   1        {
  48   2          do
  49   2          {
  50   3            while (--k);
  51   3          } while (--j);
  52   2        } while (--i);
  53   1      }
  54          
C51 COMPILER V9.54   MAIN                                                                  06/01/2022 23:29:58 PAGE 2   

  55          void main()
  56          {
  57   1      
  58   1        Nixie(4,1);
  59   1        while(1)
  60   1        {
  61   2          
  62   2        }
  63   1      
  64   1      }


MODULE INFORMATION:   STATIC OVERLAYABLE
   CODE SIZE        =    129    ----
   CONSTANT SIZE    =   ----    ----
   XDATA SIZE       =   ----    ----
   PDATA SIZE       =   ----    ----
   DATA SIZE        =      8    ----
   IDATA SIZE       =   ----    ----
   BIT SIZE         =   ----    ----
END OF MODULE INFORMATION.


C51 COMPILATION COMPLETE.  0 WARNING(S),  0 ERROR(S)
